<?xml version="1.0" encoding="UTF-8"?>
<!-- Generated by org.testng.reporters.JUnitReportReporter -->
<testsuite hostname="LAPTOP-EEKSOD7B" failures="0" tests="1" name="testNGPackage2.Test3" time="21.194" errors="0" timestamp="2023-05-24T09:43:16 IST" skipped="0">
  <testcase classname="testNGPackage2.Test3" name="test3Method" time="21.194"/>
  <system-out/>
</testsuite> <!-- testNGPackage2.Test3 -->
