<?xml version="1.0" encoding="UTF-8"?>
<!-- Generated by org.testng.reporters.JUnitReportReporter -->
<testsuite hostname="LAPTOP-EEKSOD7B" failures="0" tests="1" name="testNG.Demo" time="0.004" errors="0" timestamp="2023-05-23T09:54:37 IST" skipped="0">
  <testcase classname="testNG.Demo" name="demoMethod" time="0.004"/>
  <system-out>
    <![CDATA[hello java]]>
  </system-out>
</testsuite> <!-- testNG.Demo -->
