<?xml version="1.0" encoding="UTF-8"?>
<!-- Generated by org.testng.reporters.JUnitReportReporter -->
<testsuite hostname="LAPTOP-EEKSOD7B" failures="0" tests="10" name="testNGFlags.Flag3InvocationCount" time="0.031" errors="0" timestamp="2023-05-26T10:18:13 IST" skipped="0">
  <testcase classname="testNGFlags.Flag3InvocationCount" name="method1" time="0.003"/>
  <system-out>
    <![CDATA[Login Test perform]]>
  </system-out>
  <testcase classname="testNGFlags.Flag3InvocationCount" name="method1" time="0.002"/>
  <system-out>
    <![CDATA[Login Test perform]]>
  </system-out>
  <testcase classname="testNGFlags.Flag3InvocationCount" name="method1" time="0.001"/>
  <system-out>
    <![CDATA[Login Test perform]]>
  </system-out>
  <testcase classname="testNGFlags.Flag3InvocationCount" name="method1" time="0.003"/>
  <system-out>
    <![CDATA[Login Test perform]]>
  </system-out>
  <testcase classname="testNGFlags.Flag3InvocationCount" name="method1" time="0.003"/>
  <system-out>
    <![CDATA[Login Test perform]]>
  </system-out>
  <testcase classname="testNGFlags.Flag3InvocationCount" name="method1" time="0.001"/>
  <system-out>
    <![CDATA[Login Test perform]]>
  </system-out>
  <testcase classname="testNGFlags.Flag3InvocationCount" name="method1" time="0.001"/>
  <system-out>
    <![CDATA[Login Test perform]]>
  </system-out>
  <testcase classname="testNGFlags.Flag3InvocationCount" name="method1" time="0.001"/>
  <system-out>
    <![CDATA[Login Test perform]]>
  </system-out>
  <testcase classname="testNGFlags.Flag3InvocationCount" name="method1" time="0.015"/>
  <system-out>
    <![CDATA[Login Test perform]]>
  </system-out>
  <testcase classname="testNGFlags.Flag3InvocationCount" name="method1" time="0.001"/>
  <system-out>
    <![CDATA[Login Test perform]]>
  </system-out>
</testsuite> <!-- testNGFlags.Flag3InvocationCount -->
