<?xml version="1.0" encoding="UTF-8"?>
<!-- Generated by org.testng.reporters.JUnitReportReporter -->
<testsuite hostname="LAPTOP-EEKSOD7B" failures="0" tests="1" name="testNGPackage2.TestEdge" time="15.948" errors="0" timestamp="2023-05-24T10:20:58 IST" skipped="0">
  <testcase classname="testNGPackage2.TestEdge" name="testEdge" time="15.948"/>
  <system-out/>
</testsuite> <!-- testNGPackage2.TestEdge -->
