<?xml version="1.0" encoding="UTF-8"?>
<!-- Generated by org.testng.reporters.JUnitReportReporter -->
<testsuite hostname="LAPTOP-EEKSOD7B" failures="0" tests="2" name="testNGFlags.Flag2Enabled" time="0.013" errors="0" timestamp="2023-05-26T10:07:16 IST" skipped="0">
  <testcase classname="testNGFlags.Flag2Enabled" name="method2" time="0.001"/>
  <system-out>
    <![CDATA[LogOut Performed]]>
  </system-out>
  <testcase classname="testNGFlags.Flag2Enabled" name="method1" time="0.012"/>
  <system-out>
    <![CDATA[Login Performed]]>
  </system-out>
</testsuite> <!-- testNGFlags.Flag2Enabled -->
