<?xml version="1.0" encoding="UTF-8"?>
<!-- Generated by org.testng.reporters.JUnitReportReporter -->
<testsuite hostname="LAPTOP-EEKSOD7B" failures="0" tests="1" name="testNGPackage2.Test2" time="16.089" errors="0" timestamp="2023-05-24T09:43:16 IST" skipped="0">
  <testcase classname="testNGPackage2.Test2" name="test2Method" time="16.089"/>
  <system-out/>
</testsuite> <!-- testNGPackage2.Test2 -->
