<?xml version="1.0" encoding="UTF-8"?>
<!-- Generated by org.testng.reporters.JUnitReportReporter -->
<testsuite hostname="LAPTOP-EEKSOD7B" failures="0" tests="1" name="testNGFlags.Flags1" time="0.015" errors="0" timestamp="2023-05-26T09:50:28 IST" skipped="0">
  <testcase classname="testNGFlags.Flags1" name="method1" time="0.015"/>
  <system-out>
    <![CDATA[Method 1 Login!!]]>
  </system-out>
</testsuite> <!-- testNGFlags.Flags1 -->
