<?xml version="1.0" encoding="UTF-8"?>
<!-- Generated by org.testng.reporters.JUnitReportReporter -->
<testsuite hostname="LAPTOP-EEKSOD7B" failures="0" tests="2" name="testNGAnnotation.Annotations" time="0.016" errors="0" timestamp="2023-05-23T10:25:38 IST" skipped="0">
  <testcase classname="testNGAnnotation.Annotations" name="TestMethod" time="0.010"/>
  <system-out>
    <![CDATA[Test Annotation2]]>
  </system-out>
  <testcase classname="testNGAnnotation.Annotations" name="f" time="0.006"/>
  <system-out>
    <![CDATA[Test Annotation]]>
  </system-out>
</testsuite> <!-- testNGAnnotation.Annotations -->
