<?xml version="1.0" encoding="UTF-8"?>
<!-- Generated by org.testng.reporters.JUnitReportReporter -->
<testsuite hostname="LAPTOP-EEKSOD7B" failures="0" tests="2" name="testNGFlags.Flag5DependsOn" time="0.017" errors="0" timestamp="2023-05-26T11:01:26 IST" skipped="0">
  <testcase classname="testNGFlags.Flag5DependsOn" name="createUser" time="0.001"/>
  <system-out>
    <![CDATA[user Created]]>
  </system-out>
  <testcase classname="testNGFlags.Flag5DependsOn" name="loginMethod" time="0.016"/>
  <system-out>
    <![CDATA[login performed]]>
  </system-out>
</testsuite> <!-- testNGFlags.Flag5DependsOn -->
