<?xml version="1.0" encoding="UTF-8"?>
<!-- Generated by org.testng.reporters.JUnitReportReporter -->
<testsuite hostname="LAPTOP-EEKSOD7B" failures="0" tests="3" name="testNGPackage2.DemoTest2" time="0.006" errors="0" timestamp="2023-05-23T10:06:16 IST" skipped="0">
  <testcase classname="testNGPackage2.DemoTest2" name="f" time="0.001"/>
  <system-out>
    <![CDATA[f method from DemoTest2]]>
  </system-out>
  <testcase classname="testNGPackage2.DemoTest2" name="e" time="0.002"/>
  <system-out>
    <![CDATA[e method frome DemoTest2]]>
  </system-out>
  <testcase classname="testNGPackage2.DemoTest2" name="f1" time="0.003"/>
  <system-out>
    <![CDATA[f1 method from DemoTest2]]>
  </system-out>
</testsuite> <!-- testNGPackage2.DemoTest2 -->
