<?xml version="1.0" encoding="UTF-8"?>
<!-- Generated by org.testng.reporters.JUnitReportReporter -->
<testsuite hostname="LAPTOP-EEKSOD7B" failures="0" tests="1" name="testNG.Remo" time="0.002" errors="0" timestamp="2023-05-23T09:54:37 IST" skipped="0">
  <testcase classname="testNG.Remo" name="remoMethod" time="0.002"/>
  <system-out>
    <![CDATA[where is TestNG]]>
  </system-out>
</testsuite> <!-- testNG.Remo -->
