<?xml version="1.0" encoding="UTF-8"?>
<!-- Generated by org.testng.reporters.JUnitReportReporter -->
<testsuite hostname="LAPTOP-EEKSOD7B" failures="0" tests="6" name="testNGFlags.Flag7Groups" time="0.022" errors="0" timestamp="2023-05-27T10:10:49 IST" skipped="0">
  <testcase classname="testNGFlags.Flag7Groups" name="it2" time="0.001"/>
  <system-out>
    <![CDATA[ITC2]]>
  </system-out>
  <testcase classname="testNGFlags.Flag7Groups" name="it4" time="0.001"/>
  <system-out>
    <![CDATA[ITC4]]>
  </system-out>
  <testcase classname="testNGFlags.Flag7Groups" name="it1" time="0.010"/>
  <system-out>
    <![CDATA[ITC1]]>
  </system-out>
  <testcase classname="testNGFlags.Flag7Groups" name="it3" time="0.002"/>
  <system-out>
    <![CDATA[ITC3]]>
  </system-out>
  <testcase classname="testNGFlags.Flag7Groups" name="it5" time="0.002"/>
  <system-out>
    <![CDATA[ITC5]]>
  </system-out>
  <testcase classname="testNGFlags.Flag7Groups" name="it6" time="0.006"/>
  <system-out>
    <![CDATA[ITC6]]>
  </system-out>
</testsuite> <!-- testNGFlags.Flag7Groups -->
