<?xml version="1.0" encoding="UTF-8"?>
<!-- Generated by org.testng.reporters.JUnitReportReporter -->
<testsuite hostname="LAPTOP-EEKSOD7B" failures="0" tests="8" name="testNGFlags.Flag4Priority" time="0.024" errors="0" timestamp="2023-05-26T10:37:19 IST" skipped="0">
  <testcase classname="testNGFlags.Flag4Priority" name="e" time="0.011"/>
  <system-out>
    <![CDATA[e method]]>
  </system-out>
  <testcase classname="testNGFlags.Flag4Priority" name="f" time="0.001"/>
  <system-out>
    <![CDATA[f method]]>
  </system-out>
  <testcase classname="testNGFlags.Flag4Priority" name="b" time="0.002"/>
  <system-out>
    <![CDATA[b method]]>
  </system-out>
  <testcase classname="testNGFlags.Flag4Priority" name="g" time="0.002"/>
  <system-out>
    <![CDATA[g method]]>
  </system-out>
  <testcase classname="testNGFlags.Flag4Priority" name="d" time="0.002"/>
  <system-out>
    <![CDATA[d method]]>
  </system-out>
  <testcase classname="testNGFlags.Flag4Priority" name="h" time="0.002"/>
  <system-out>
    <![CDATA[h method]]>
  </system-out>
  <testcase classname="testNGFlags.Flag4Priority" name="a" time="0.001"/>
  <system-out>
    <![CDATA[a method]]>
  </system-out>
  <testcase classname="testNGFlags.Flag4Priority" name="c" time="0.003"/>
  <system-out>
    <![CDATA[c method]]>
  </system-out>
</testsuite> <!-- testNGFlags.Flag4Priority -->
